Bringing machine 'default' up with 'virtualbox' provider...
==> default: Checking if box 'ubuntu/focal64' version '20240821.0.1' is up to date...
==> default: Clearing any previously set forwarded ports...
==> default: Clearing any previously set network interfaces...
==> default: Preparing network interfaces based on configuration...
    default: Adapter 1: nat
==> default: Forwarding ports...
    default: 3000 (guest) => 3001 (host) (adapter 1)
    default: 22 (guest) => 2222 (host) (adapter 1)
==> default: Running 'pre-boot' VM customizations...
==> default: Booting VM...
==> default: Waiting for machine to boot. This may take a few minutes...
    default: SSH address: 127.0.0.1:2222
    default: SSH username: vagrant
    default: SSH auth method: private key
    default: Warning: Connection reset. Retrying...
    default: Warning: Remote connection disconnect. Retrying...
==> default: Machine booted and ready!
==> default: Checking for guest additions in VM...
==> default: Mounting shared folders...
    default: /vagrant => /home/hesbon/development/devops09/yolo
==> default: Running provisioner: ansible...
Vagrant gathered an unknown Ansible version:


and falls back on the compatibility mode '1.8'.

Alternatively, the compatibility mode can be specified in your Vagrantfile:
https://www.vagrantup.com/docs/provisioning/ansible_common.html#compatibility_mode
    default: Running ansible-playbook...

PLAY [Ansible playbook to dockerize and run yolo e-commerce app using ansible] ***

TASK [Gathering Facts] *********************************************************
ok: [default]

TASK [setup-mongodb : Run MongoDB Container] ***********************************
changed: [default]

TASK [setup-mongodb : Create Docker network] ***********************************
ok: [default]

TASK [setup-mongodb : Create Docker network] ***********************************
ok: [default]

TASK [setup-mongodb : Create Docker network] ***********************************
ok: [default]

TASK [setup-mongodb : Run MongoDB Container] ***********************************
fatal: [default]: FAILED! => {"changed": false, "msg": "Error starting container f58eac85e7106863b712f1ebba8644ac82ed69f6d0d5ef57849c8601b91e3dec: 500 Server Error for http+docker://localhost/v1.45/containers/f58eac85e7106863b712f1ebba8644ac82ed69f6d0d5ef57849c8601b91e3dec/start: Internal Server Error (\"driver failed programming external connectivity on endpoint mongodb (763418fa7550643698fb53ad85d7071d2288e70be2bc9dc750f700b1a55b535c): Bind for 0.0.0.0:27017 failed: port is already allocated\")"}

PLAY RECAP *********************************************************************
default                    : ok=5    changed=1    unreachable=0    failed=1    skipped=0    rescued=0    ignored=0   

